[04-Oct-2023 06:20:36 UTC] About to fetch permissions for User ID: lee126984573@gmail.com
[04-Oct-2023 06:20:36 UTC] Query executed successfully.
[04-Oct-2023 06:20:36 UTC] No permissions found for User ID: lee126984573@gmail.com
[04-Oct-2023 06:20:36 UTC] About to fetch permissions for User ID: lee126984573@gmail.com
[04-Oct-2023 06:20:36 UTC] Query executed successfully.
[04-Oct-2023 06:20:36 UTC] No permissions found for User ID: lee126984573@gmail.com
[04-Oct-2023 06:20:36 UTC] About to fetch permissions for User ID: lee126984573@gmail.com
[04-Oct-2023 06:20:36 UTC] Query executed successfully.
[04-Oct-2023 06:20:36 UTC] No permissions found for User ID: lee126984573@gmail.com
[04-Oct-2023 06:20:37 UTC] About to fetch permissions for User ID: lee126984573@gmail.com
[04-Oct-2023 06:20:37 UTC] Query executed successfully.
[04-Oct-2023 06:20:37 UTC] No permissions found for User ID: lee126984573@gmail.com
[04-Oct-2023 06:20:37 UTC] About to fetch permissions for User ID: lee126984573@gmail.com
[04-Oct-2023 06:20:37 UTC] Query executed successfully.
[04-Oct-2023 06:20:37 UTC] No permissions found for User ID: lee126984573@gmail.com
[04-Oct-2023 06:20:37 UTC] About to fetch permissions for User ID: lee126984573@gmail.com
[04-Oct-2023 06:20:37 UTC] Query executed successfully.
[04-Oct-2023 06:20:37 UTC] No permissions found for User ID: lee126984573@gmail.com
[04-Oct-2023 06:20:37 UTC] About to fetch permissions for User ID: lee126984573@gmail.com
[04-Oct-2023 06:20:37 UTC] Query executed successfully.
[04-Oct-2023 06:20:37 UTC] No permissions found for User ID: lee126984573@gmail.com
[04-Oct-2023 06:20:37 UTC] About to fetch permissions for User ID: lee126984573@gmail.com
[04-Oct-2023 06:20:37 UTC] Query executed successfully.
[04-Oct-2023 06:20:37 UTC] No permissions found for User ID: lee126984573@gmail.com
[04-Oct-2023 06:20:37 UTC] About to fetch permissions for User ID: lee126984573@gmail.com
[04-Oct-2023 06:20:37 UTC] Query executed successfully.
[04-Oct-2023 06:20:37 UTC] No permissions found for User ID: lee126984573@gmail.com
[04-Oct-2023 06:21:19 UTC] About to fetch permissions for User ID: lee126984573@gmail.com
[04-Oct-2023 06:21:19 UTC] Query executed successfully.
[04-Oct-2023 06:21:19 UTC] No permissions found for User ID: lee126984573@gmail.com
[04-Oct-2023 06:21:22 UTC] About to fetch permissions for User ID: lee126984573@gmail.com
[04-Oct-2023 06:21:22 UTC] Query executed successfully.
[04-Oct-2023 06:21:22 UTC] No permissions found for User ID: lee126984573@gmail.com
[04-Oct-2023 06:21:22 UTC] About to fetch permissions for User ID: lee126984573@gmail.com
[04-Oct-2023 06:21:22 UTC] Query executed successfully.
[04-Oct-2023 06:21:22 UTC] No permissions found for User ID: lee126984573@gmail.com
[04-Oct-2023 06:21:22 UTC] About to fetch permissions for User ID: lee126984573@gmail.com
[04-Oct-2023 06:21:22 UTC] Query executed successfully.
[04-Oct-2023 06:21:22 UTC] No permissions found for User ID: lee126984573@gmail.com
[04-Oct-2023 06:21:22 UTC] About to fetch permissions for User ID: lee126984573@gmail.com
[04-Oct-2023 06:21:22 UTC] Query executed successfully.
[04-Oct-2023 06:21:22 UTC] No permissions found for User ID: lee126984573@gmail.com
[04-Oct-2023 06:21:23 UTC] About to fetch permissions for User ID: lee126984573@gmail.com
[04-Oct-2023 06:21:23 UTC] Query executed successfully.
[04-Oct-2023 06:21:23 UTC] No permissions found for User ID: lee126984573@gmail.com
[04-Oct-2023 06:21:23 UTC] About to fetch permissions for User ID: lee126984573@gmail.com
[04-Oct-2023 06:21:23 UTC] Query executed successfully.
[04-Oct-2023 06:21:23 UTC] No permissions found for User ID: lee126984573@gmail.com
[04-Oct-2023 06:21:23 UTC] About to fetch permissions for User ID: lee126984573@gmail.com
[04-Oct-2023 06:21:23 UTC] Query executed successfully.
[04-Oct-2023 06:21:23 UTC] No permissions found for User ID: lee126984573@gmail.com
[04-Oct-2023 06:21:35 UTC] About to fetch permissions for User ID: lee126984573@gmail.com
[04-Oct-2023 06:21:35 UTC] Query executed successfully.
[04-Oct-2023 06:21:35 UTC] No permissions found for User ID: lee126984573@gmail.com
[04-Oct-2023 06:21:35 UTC] About to fetch permissions for User ID: lee126984573@gmail.com
[04-Oct-2023 06:21:35 UTC] Query executed successfully.
[04-Oct-2023 06:21:35 UTC] No permissions found for User ID: lee126984573@gmail.com
[04-Oct-2023 06:21:35 UTC] About to fetch permissions for User ID: lee126984573@gmail.com
[04-Oct-2023 06:21:35 UTC] Query executed successfully.
[04-Oct-2023 06:21:35 UTC] No permissions found for User ID: lee126984573@gmail.com
[04-Oct-2023 06:21:36 UTC] About to fetch permissions for User ID: lee126984573@gmail.com
[04-Oct-2023 06:21:36 UTC] Query executed successfully.
[04-Oct-2023 06:21:36 UTC] No permissions found for User ID: lee126984573@gmail.com
[04-Oct-2023 06:21:36 UTC] About to fetch permissions for User ID: lee126984573@gmail.com
[04-Oct-2023 06:21:36 UTC] Query executed successfully.
[04-Oct-2023 06:21:36 UTC] No permissions found for User ID: lee126984573@gmail.com
[04-Oct-2023 06:21:36 UTC] About to fetch permissions for User ID: lee126984573@gmail.com
[04-Oct-2023 06:21:36 UTC] Query executed successfully.
[04-Oct-2023 06:21:36 UTC] No permissions found for User ID: lee126984573@gmail.com
[04-Oct-2023 06:21:36 UTC] About to fetch permissions for User ID: lee126984573@gmail.com
[04-Oct-2023 06:21:36 UTC] Query executed successfully.
[04-Oct-2023 06:21:36 UTC] No permissions found for User ID: lee126984573@gmail.com
[04-Oct-2023 06:21:36 UTC] About to fetch permissions for User ID: lee126984573@gmail.com
[04-Oct-2023 06:21:36 UTC] Query executed successfully.
[04-Oct-2023 06:21:36 UTC] No permissions found for User ID: lee126984573@gmail.com
[04-Oct-2023 06:21:36 UTC] About to fetch permissions for User ID: lee126984573@gmail.com
[04-Oct-2023 06:21:36 UTC] Query executed successfully.
[04-Oct-2023 06:21:36 UTC] No permissions found for User ID: lee126984573@gmail.com
[04-Oct-2023 06:21:36 UTC] About to fetch permissions for User ID: lee126984573@gmail.com
[04-Oct-2023 06:21:36 UTC] Query executed successfully.
[04-Oct-2023 06:21:36 UTC] No permissions found for User ID: lee126984573@gmail.com
[04-Oct-2023 06:21:37 UTC] About to fetch permissions for User ID: lee126984573@gmail.com
[04-Oct-2023 06:21:37 UTC] Query executed successfully.
[04-Oct-2023 06:21:37 UTC] No permissions found for User ID: lee126984573@gmail.com
[04-Oct-2023 06:21:37 UTC] About to fetch permissions for User ID: lee126984573@gmail.com
[04-Oct-2023 06:21:37 UTC] Query executed successfully.
[04-Oct-2023 06:21:37 UTC] No permissions found for User ID: lee126984573@gmail.com
[04-Oct-2023 06:21:37 UTC] About to fetch permissions for User ID: lee126984573@gmail.com
[04-Oct-2023 06:21:37 UTC] Query executed successfully.
[04-Oct-2023 06:21:37 UTC] No permissions found for User ID: lee126984573@gmail.com
[04-Oct-2023 06:21:37 UTC] About to fetch permissions for User ID: lee126984573@gmail.com
[04-Oct-2023 06:21:37 UTC] Query executed successfully.
[04-Oct-2023 06:21:37 UTC] No permissions found for User ID: lee126984573@gmail.com
[04-Oct-2023 06:21:37 UTC] About to fetch permissions for User ID: lee126984573@gmail.com
[04-Oct-2023 06:21:37 UTC] Query executed successfully.
[04-Oct-2023 06:21:37 UTC] No permissions found for User ID: lee126984573@gmail.com
[04-Oct-2023 06:21:37 UTC] About to fetch permissions for User ID: lee126984573@gmail.com
[04-Oct-2023 06:21:37 UTC] Query executed successfully.
[04-Oct-2023 06:21:37 UTC] No permissions found for User ID: lee126984573@gmail.com
[04-Oct-2023 06:21:37 UTC] About to fetch permissions for User ID: lee126984573@gmail.com
[04-Oct-2023 06:21:37 UTC] Query executed successfully.
[04-Oct-2023 06:21:37 UTC] No permissions found for User ID: lee126984573@gmail.com
[04-Oct-2023 06:21:38 UTC] About to fetch permissions for User ID: lee126984573@gmail.com
[04-Oct-2023 06:21:38 UTC] Query executed successfully.
[04-Oct-2023 06:21:38 UTC] No permissions found for User ID: lee126984573@gmail.com
[04-Oct-2023 06:21:38 UTC] About to fetch permissions for User ID: lee126984573@gmail.com
[04-Oct-2023 06:21:38 UTC] Query executed successfully.
[04-Oct-2023 06:21:38 UTC] No permissions found for User ID: lee126984573@gmail.com
[04-Oct-2023 06:21:38 UTC] About to fetch permissions for User ID: lee126984573@gmail.com
[04-Oct-2023 06:21:38 UTC] Query executed successfully.
[04-Oct-2023 06:21:38 UTC] No permissions found for User ID: lee126984573@gmail.com
[04-Oct-2023 06:21:38 UTC] About to fetch permissions for User ID: lee126984573@gmail.com
[04-Oct-2023 06:21:38 UTC] Query executed successfully.
[04-Oct-2023 06:21:38 UTC] No permissions found for User ID: lee126984573@gmail.com
[04-Oct-2023 06:21:38 UTC] About to fetch permissions for User ID: lee126984573@gmail.com
[04-Oct-2023 06:21:38 UTC] Query executed successfully.
[04-Oct-2023 06:21:38 UTC] No permissions found for User ID: lee126984573@gmail.com
[04-Oct-2023 06:21:38 UTC] About to fetch permissions for User ID: lee126984573@gmail.com
[04-Oct-2023 06:21:38 UTC] Query executed successfully.
[04-Oct-2023 06:21:38 UTC] No permissions found for User ID: lee126984573@gmail.com
[04-Oct-2023 06:21:39 UTC] About to fetch permissions for User ID: lee126984573@gmail.com
[04-Oct-2023 06:21:39 UTC] Query executed successfully.
[04-Oct-2023 06:21:39 UTC] No permissions found for User ID: lee126984573@gmail.com
[04-Oct-2023 06:21:39 UTC] About to fetch permissions for User ID: lee126984573@gmail.com
[04-Oct-2023 06:21:39 UTC] Query executed successfully.
[04-Oct-2023 06:21:39 UTC] No permissions found for User ID: lee126984573@gmail.com
[04-Oct-2023 06:21:39 UTC] About to fetch permissions for User ID: lee126984573@gmail.com
[04-Oct-2023 06:21:39 UTC] Query executed successfully.
[04-Oct-2023 06:21:39 UTC] No permissions found for User ID: lee126984573@gmail.com
[04-Oct-2023 06:21:39 UTC] About to fetch permissions for User ID: lee126984573@gmail.com
[04-Oct-2023 06:21:39 UTC] Query executed successfully.
[04-Oct-2023 06:21:39 UTC] No permissions found for User ID: lee126984573@gmail.com
[04-Oct-2023 06:21:39 UTC] About to fetch permissions for User ID: lee126984573@gmail.com
[04-Oct-2023 06:21:39 UTC] Query executed successfully.
[04-Oct-2023 06:21:39 UTC] No permissions found for User ID: lee126984573@gmail.com
[04-Oct-2023 06:21:39 UTC] About to fetch permissions for User ID: lee126984573@gmail.com
[04-Oct-2023 06:21:39 UTC] Query executed successfully.
[04-Oct-2023 06:21:39 UTC] No permissions found for User ID: lee126984573@gmail.com
[04-Oct-2023 06:21:39 UTC] About to fetch permissions for User ID: lee126984573@gmail.com
[04-Oct-2023 06:21:39 UTC] Query executed successfully.
[04-Oct-2023 06:21:39 UTC] No permissions found for User ID: lee126984573@gmail.com
[04-Oct-2023 06:21:40 UTC] About to fetch permissions for User ID: lee126984573@gmail.com
[04-Oct-2023 06:21:40 UTC] Query executed successfully.
[04-Oct-2023 06:21:40 UTC] No permissions found for User ID: lee126984573@gmail.com
[04-Oct-2023 06:21:40 UTC] About to fetch permissions for User ID: lee126984573@gmail.com
[04-Oct-2023 06:21:40 UTC] Query executed successfully.
[04-Oct-2023 06:21:40 UTC] No permissions found for User ID: lee126984573@gmail.com
[04-Oct-2023 06:21:40 UTC] About to fetch permissions for User ID: lee126984573@gmail.com
[04-Oct-2023 06:21:40 UTC] Query executed successfully.
[04-Oct-2023 06:21:40 UTC] No permissions found for User ID: lee126984573@gmail.com
[04-Oct-2023 06:21:40 UTC] About to fetch permissions for User ID: lee126984573@gmail.com
[04-Oct-2023 06:21:40 UTC] Query executed successfully.
[04-Oct-2023 06:21:40 UTC] No permissions found for User ID: lee126984573@gmail.com
[04-Oct-2023 06:21:40 UTC] About to fetch permissions for User ID: lee126984573@gmail.com
[04-Oct-2023 06:21:40 UTC] Query executed successfully.
[04-Oct-2023 06:21:40 UTC] No permissions found for User ID: lee126984573@gmail.com
[04-Oct-2023 06:21:40 UTC] About to fetch permissions for User ID: lee126984573@gmail.com
[04-Oct-2023 06:21:40 UTC] Query executed successfully.
[04-Oct-2023 06:21:40 UTC] No permissions found for User ID: lee126984573@gmail.com
[04-Oct-2023 06:21:40 UTC] About to fetch permissions for User ID: lee126984573@gmail.com
[04-Oct-2023 06:21:40 UTC] Query executed successfully.
[04-Oct-2023 06:21:40 UTC] No permissions found for User ID: lee126984573@gmail.com
[04-Oct-2023 06:21:41 UTC] About to fetch permissions for User ID: lee126984573@gmail.com
[04-Oct-2023 06:21:41 UTC] Query executed successfully.
[04-Oct-2023 06:21:41 UTC] No permissions found for User ID: lee126984573@gmail.com
[04-Oct-2023 06:21:41 UTC] About to fetch permissions for User ID: lee126984573@gmail.com
[04-Oct-2023 06:21:41 UTC] Query executed successfully.
[04-Oct-2023 06:21:41 UTC] No permissions found for User ID: lee126984573@gmail.com
[04-Oct-2023 06:21:41 UTC] About to fetch permissions for User ID: lee126984573@gmail.com
[04-Oct-2023 06:21:41 UTC] Query executed successfully.
[04-Oct-2023 06:21:41 UTC] No permissions found for User ID: lee126984573@gmail.com
[04-Oct-2023 06:21:41 UTC] About to fetch permissions for User ID: lee126984573@gmail.com
[04-Oct-2023 06:21:41 UTC] Query executed successfully.
[04-Oct-2023 06:21:41 UTC] No permissions found for User ID: lee126984573@gmail.com
[04-Oct-2023 06:21:41 UTC] About to fetch permissions for User ID: lee126984573@gmail.com
[04-Oct-2023 06:21:41 UTC] Query executed successfully.
[04-Oct-2023 06:21:41 UTC] No permissions found for User ID: lee126984573@gmail.com
[04-Oct-2023 06:21:41 UTC] About to fetch permissions for User ID: lee126984573@gmail.com
[04-Oct-2023 06:21:41 UTC] Query executed successfully.
[04-Oct-2023 06:21:41 UTC] No permissions found for User ID: lee126984573@gmail.com
[04-Oct-2023 06:21:42 UTC] About to fetch permissions for User ID: lee126984573@gmail.com
[04-Oct-2023 06:21:42 UTC] Query executed successfully.
[04-Oct-2023 06:21:42 UTC] No permissions found for User ID: lee126984573@gmail.com
[04-Oct-2023 06:21:42 UTC] About to fetch permissions for User ID: lee126984573@gmail.com
[04-Oct-2023 06:21:42 UTC] Query executed successfully.
[04-Oct-2023 06:21:42 UTC] No permissions found for User ID: lee126984573@gmail.com
[04-Oct-2023 06:21:42 UTC] About to fetch permissions for User ID: lee126984573@gmail.com
[04-Oct-2023 06:21:42 UTC] Query executed successfully.
[04-Oct-2023 06:21:42 UTC] No permissions found for User ID: lee126984573@gmail.com
[04-Oct-2023 06:21:43 UTC] About to fetch permissions for User ID: lee126984573@gmail.com
[04-Oct-2023 06:21:43 UTC] Query executed successfully.
[04-Oct-2023 06:21:43 UTC] No permissions found for User ID: lee126984573@gmail.com
[04-Oct-2023 06:21:43 UTC] About to fetch permissions for User ID: lee126984573@gmail.com
[04-Oct-2023 06:21:43 UTC] Query executed successfully.
[04-Oct-2023 06:21:43 UTC] No permissions found for User ID: lee126984573@gmail.com
[04-Oct-2023 06:21:43 UTC] About to fetch permissions for User ID: lee126984573@gmail.com
[04-Oct-2023 06:21:43 UTC] Query executed successfully.
[04-Oct-2023 06:21:43 UTC] No permissions found for User ID: lee126984573@gmail.com
[04-Oct-2023 06:21:43 UTC] About to fetch permissions for User ID: lee126984573@gmail.com
[04-Oct-2023 06:21:43 UTC] Query executed successfully.
[04-Oct-2023 06:21:43 UTC] No permissions found for User ID: lee126984573@gmail.com
[04-Oct-2023 06:21:43 UTC] About to fetch permissions for User ID: lee126984573@gmail.com
[04-Oct-2023 06:21:43 UTC] Query executed successfully.
[04-Oct-2023 06:21:43 UTC] No permissions found for User ID: lee126984573@gmail.com
[04-Oct-2023 06:21:44 UTC] About to fetch permissions for User ID: lee126984573@gmail.com
[04-Oct-2023 06:21:44 UTC] Query executed successfully.
[04-Oct-2023 06:21:44 UTC] No permissions found for User ID: lee126984573@gmail.com
[04-Oct-2023 06:54:40 UTC] About to fetch permissions for User ID: lee126984573@gmail.com
[04-Oct-2023 06:54:40 UTC] Query executed successfully.
[04-Oct-2023 06:54:40 UTC] No permissions found for User ID: lee126984573@gmail.com
[04-Oct-2023 07:06:50 UTC] About to fetch permissions for User ID: lee126984573@gmail.com
[04-Oct-2023 07:06:50 UTC] Query executed successfully.
[04-Oct-2023 07:06:50 UTC] No permissions found for User ID: lee126984573@gmail.com
[04-Oct-2023 07:06:50 UTC] About to fetch permissions for User ID: lee126984573@gmail.com
[04-Oct-2023 07:06:50 UTC] Query executed successfully.
[04-Oct-2023 07:06:50 UTC] No permissions found for User ID: lee126984573@gmail.com
[04-Oct-2023 07:06:51 UTC] About to fetch permissions for User ID: lee126984573@gmail.com
[04-Oct-2023 07:06:51 UTC] Query executed successfully.
[04-Oct-2023 07:06:51 UTC] No permissions found for User ID: lee126984573@gmail.com
[04-Oct-2023 07:06:51 UTC] About to fetch permissions for User ID: lee126984573@gmail.com
[04-Oct-2023 07:06:51 UTC] Query executed successfully.
[04-Oct-2023 07:06:51 UTC] No permissions found for User ID: lee126984573@gmail.com
[04-Oct-2023 07:10:42 UTC] About to fetch permissions for User ID: lee126984573@gmail.com
[04-Oct-2023 07:10:42 UTC] Query executed successfully.
[04-Oct-2023 07:10:42 UTC] Fetched permissions: {"id":3,"employee_id":"18181818","announce_create":1,"per_record":1,"user_profile":1,"manager":1,"record_attendance":0,"user_id":"lee126984573@gmail.com"}
[04-Oct-2023 07:10:49 UTC] About to fetch permissions for User ID: lee126984573@gmail.com
[04-Oct-2023 07:10:49 UTC] Query executed successfully.
[04-Oct-2023 07:10:49 UTC] Fetched permissions: {"id":3,"employee_id":"18181818","announce_create":1,"per_record":1,"user_profile":1,"manager":1,"record_attendance":0,"user_id":"lee126984573@gmail.com"}
[04-Oct-2023 07:11:40 UTC] About to fetch permissions for User ID: 1234
[04-Oct-2023 07:11:40 UTC] Query executed successfully.
[04-Oct-2023 07:11:40 UTC] Fetched permissions: {"id":1,"employee_id":"1818","announce_create":1,"per_record":1,"user_profile":1,"manager":0,"record_attendance":0,"user_id":"1234"}
[04-Oct-2023 07:12:26 UTC] About to fetch permissions for User ID: lee126984573@gmail.com
[04-Oct-2023 07:12:26 UTC] Query executed successfully.
[04-Oct-2023 07:12:26 UTC] Fetched permissions: {"id":3,"employee_id":"18181818","announce_create":1,"per_record":1,"user_profile":1,"manager":1,"record_attendance":0,"user_id":"lee126984573@gmail.com"}
[04-Oct-2023 07:13:31 UTC] About to fetch permissions for User ID: lee126984573@gmail.com
[04-Oct-2023 07:13:31 UTC] Query executed successfully.
[04-Oct-2023 07:13:31 UTC] Fetched permissions: {"id":3,"employee_id":"18181818","announce_create":1,"per_record":1,"user_profile":1,"manager":1,"record_attendance":0,"user_id":"lee126984573@gmail.com"}
[04-Oct-2023 07:14:19 UTC] About to fetch permissions for User ID: lee126984573@gmail.com
[04-Oct-2023 07:14:19 UTC] Query executed successfully.
[04-Oct-2023 07:14:19 UTC] Fetched permissions: {"id":3,"employee_id":"18181818","announce_create":1,"per_record":1,"user_profile":1,"manager":1,"record_attendance":0,"user_id":"lee126984573@gmail.com"}
[04-Oct-2023 07:14:22 UTC] About to fetch permissions for User ID: lee126984573@gmail.com
[04-Oct-2023 07:14:22 UTC] Query executed successfully.
[04-Oct-2023 07:14:22 UTC] Fetched permissions: {"id":3,"employee_id":"18181818","announce_create":1,"per_record":1,"user_profile":1,"manager":1,"record_attendance":0,"user_id":"lee126984573@gmail.com"}
[04-Oct-2023 07:14:32 UTC] About to fetch permissions for User ID: 1234
[04-Oct-2023 07:14:32 UTC] Query executed successfully.
[04-Oct-2023 07:14:32 UTC] Fetched permissions: {"id":1,"employee_id":"1818","announce_create":1,"per_record":1,"user_profile":1,"manager":0,"record_attendance":0,"user_id":"1234"}
[04-Oct-2023 07:19:02 UTC] About to fetch permissions for User ID: 1234
[04-Oct-2023 07:19:02 UTC] Query executed successfully.
[04-Oct-2023 07:19:02 UTC] Fetched permissions: {"id":1,"employee_id":"1818","announce_create":1,"per_record":1,"user_profile":1,"manager":0,"record_attendance":0,"user_id":"1234"}
[04-Oct-2023 07:20:19 UTC] About to fetch permissions for User ID: lee126984573@gmail.com
[04-Oct-2023 07:20:19 UTC] Query executed successfully.
[04-Oct-2023 07:20:19 UTC] Fetched permissions: {"id":3,"employee_id":"18181818","announce_create":1,"per_record":1,"user_profile":1,"manager":1,"record_attendance":0,"user_id":"lee126984573@gmail.com"}
[04-Oct-2023 07:20:56 UTC] About to fetch permissions for User ID: lee126984573@gmail.com
[04-Oct-2023 07:20:56 UTC] Query executed successfully.
[04-Oct-2023 07:20:56 UTC] Fetched permissions: {"id":3,"employee_id":"18181818","announce_create":1,"per_record":1,"user_profile":1,"manager":1,"record_attendance":0,"user_id":"lee126984573@gmail.com"}
[04-Oct-2023 07:21:40 UTC] About to fetch permissions for User ID: lee126984573@gmail.com
[04-Oct-2023 07:21:40 UTC] Query executed successfully.
[04-Oct-2023 07:21:40 UTC] Fetched permissions: {"id":3,"employee_id":"18181818","announce_create":1,"per_record":1,"user_profile":1,"manager":1,"record_attendance":0,"user_id":"lee126984573@gmail.com"}
[04-Oct-2023 07:23:23 UTC] About to fetch permissions for User ID: 1234
[04-Oct-2023 07:23:23 UTC] Query executed successfully.
[04-Oct-2023 07:23:23 UTC] Fetched permissions: {"id":1,"employee_id":"1818","announce_create":1,"per_record":1,"user_profile":1,"manager":0,"record_attendance":0,"user_id":"1234"}
[04-Oct-2023 07:23:43 UTC] About to fetch permissions for User ID: 1234
[04-Oct-2023 07:23:43 UTC] Query executed successfully.
[04-Oct-2023 07:23:43 UTC] Fetched permissions: {"id":1,"employee_id":"1818","announce_create":1,"per_record":1,"user_profile":1,"manager":0,"record_attendance":0,"user_id":"1234"}
[04-Oct-2023 07:28:06 UTC] About to fetch permissions for User ID: 1234
[04-Oct-2023 07:28:06 UTC] Query executed successfully.
[04-Oct-2023 07:28:06 UTC] Fetched permissions: {"id":1,"employee_id":"1818","announce_create":1,"per_record":1,"user_profile":1,"manager":0,"record_attendance":0,"user_id":"1234"}
[04-Oct-2023 07:28:08 UTC] About to fetch permissions for User ID: 1234
[04-Oct-2023 07:28:08 UTC] Query executed successfully.
[04-Oct-2023 07:28:08 UTC] Fetched permissions: {"id":1,"employee_id":"1818","announce_create":1,"per_record":1,"user_profile":1,"manager":0,"record_attendance":0,"user_id":"1234"}
[04-Oct-2023 07:28:19 UTC] About to fetch permissions for User ID: 1234
[04-Oct-2023 07:28:19 UTC] Query executed successfully.
[04-Oct-2023 07:28:19 UTC] Fetched permissions: {"id":1,"employee_id":"1818","announce_create":1,"per_record":1,"user_profile":1,"manager":0,"record_attendance":0,"user_id":"1234"}
[04-Oct-2023 07:28:20 UTC] About to fetch permissions for User ID: 1234
[04-Oct-2023 07:28:20 UTC] Query executed successfully.
[04-Oct-2023 07:28:20 UTC] Fetched permissions: {"id":1,"employee_id":"1818","announce_create":1,"per_record":1,"user_profile":1,"manager":0,"record_attendance":0,"user_id":"1234"}
[04-Oct-2023 07:28:20 UTC] About to fetch permissions for User ID: 1234
[04-Oct-2023 07:28:20 UTC] Query executed successfully.
[04-Oct-2023 07:28:20 UTC] Fetched permissions: {"id":1,"employee_id":"1818","announce_create":1,"per_record":1,"user_profile":1,"manager":0,"record_attendance":0,"user_id":"1234"}
[04-Oct-2023 07:28:20 UTC] About to fetch permissions for User ID: 1234
[04-Oct-2023 07:28:20 UTC] Query executed successfully.
[04-Oct-2023 07:28:20 UTC] Fetched permissions: {"id":1,"employee_id":"1818","announce_create":1,"per_record":1,"user_profile":1,"manager":0,"record_attendance":0,"user_id":"1234"}
[04-Oct-2023 07:28:21 UTC] About to fetch permissions for User ID: 1234
[04-Oct-2023 07:28:21 UTC] Query executed successfully.
[04-Oct-2023 07:28:21 UTC] Fetched permissions: {"id":1,"employee_id":"1818","announce_create":1,"per_record":1,"user_profile":1,"manager":0,"record_attendance":0,"user_id":"1234"}
[04-Oct-2023 07:28:21 UTC] About to fetch permissions for User ID: 1234
[04-Oct-2023 07:28:21 UTC] Query executed successfully.
[04-Oct-2023 07:28:21 UTC] Fetched permissions: {"id":1,"employee_id":"1818","announce_create":1,"per_record":1,"user_profile":1,"manager":0,"record_attendance":0,"user_id":"1234"}
[04-Oct-2023 07:28:21 UTC] About to fetch permissions for User ID: 1234
[04-Oct-2023 07:28:21 UTC] Query executed successfully.
[04-Oct-2023 07:28:21 UTC] Fetched permissions: {"id":1,"employee_id":"1818","announce_create":1,"per_record":1,"user_profile":1,"manager":0,"record_attendance":0,"user_id":"1234"}
[04-Oct-2023 07:28:22 UTC] About to fetch permissions for User ID: 1234
[04-Oct-2023 07:28:22 UTC] Query executed successfully.
[04-Oct-2023 07:28:22 UTC] Fetched permissions: {"id":1,"employee_id":"1818","announce_create":1,"per_record":1,"user_profile":1,"manager":0,"record_attendance":0,"user_id":"1234"}
[04-Oct-2023 07:28:22 UTC] About to fetch permissions for User ID: 1234
[04-Oct-2023 07:28:22 UTC] Query executed successfully.
[04-Oct-2023 07:28:22 UTC] Fetched permissions: {"id":1,"employee_id":"1818","announce_create":1,"per_record":1,"user_profile":1,"manager":0,"record_attendance":0,"user_id":"1234"}
[04-Oct-2023 07:28:22 UTC] About to fetch permissions for User ID: 1234
[04-Oct-2023 07:28:22 UTC] Query executed successfully.
[04-Oct-2023 07:28:22 UTC] Fetched permissions: {"id":1,"employee_id":"1818","announce_create":1,"per_record":1,"user_profile":1,"manager":0,"record_attendance":0,"user_id":"1234"}
[04-Oct-2023 07:28:23 UTC] About to fetch permissions for User ID: 1234
[04-Oct-2023 07:28:23 UTC] Query executed successfully.
[04-Oct-2023 07:28:23 UTC] Fetched permissions: {"id":1,"employee_id":"1818","announce_create":1,"per_record":1,"user_profile":1,"manager":0,"record_attendance":0,"user_id":"1234"}
[04-Oct-2023 07:28:23 UTC] About to fetch permissions for User ID: 1234
[04-Oct-2023 07:28:23 UTC] Query executed successfully.
[04-Oct-2023 07:28:23 UTC] Fetched permissions: {"id":1,"employee_id":"1818","announce_create":1,"per_record":1,"user_profile":1,"manager":0,"record_attendance":0,"user_id":"1234"}
[04-Oct-2023 07:28:23 UTC] About to fetch permissions for User ID: 1234
[04-Oct-2023 07:28:23 UTC] Query executed successfully.
[04-Oct-2023 07:28:23 UTC] Fetched permissions: {"id":1,"employee_id":"1818","announce_create":1,"per_record":1,"user_profile":1,"manager":0,"record_attendance":0,"user_id":"1234"}
[04-Oct-2023 07:28:30 UTC] About to fetch permissions for User ID: 1234
[04-Oct-2023 07:28:30 UTC] Query executed successfully.
[04-Oct-2023 07:28:30 UTC] Fetched permissions: {"id":1,"employee_id":"1818","announce_create":1,"per_record":1,"user_profile":1,"manager":0,"record_attendance":0,"user_id":"1234"}
[04-Oct-2023 07:28:30 UTC] About to fetch permissions for User ID: 1234
[04-Oct-2023 07:28:30 UTC] Query executed successfully.
[04-Oct-2023 07:28:30 UTC] Fetched permissions: {"id":1,"employee_id":"1818","announce_create":1,"per_record":1,"user_profile":1,"manager":0,"record_attendance":0,"user_id":"1234"}
[04-Oct-2023 07:28:31 UTC] About to fetch permissions for User ID: 1234
[04-Oct-2023 07:28:31 UTC] Query executed successfully.
[04-Oct-2023 07:28:31 UTC] Fetched permissions: {"id":1,"employee_id":"1818","announce_create":1,"per_record":1,"user_profile":1,"manager":0,"record_attendance":0,"user_id":"1234"}
[04-Oct-2023 07:28:31 UTC] About to fetch permissions for User ID: 1234
[04-Oct-2023 07:28:31 UTC] Query executed successfully.
[04-Oct-2023 07:28:31 UTC] Fetched permissions: {"id":1,"employee_id":"1818","announce_create":1,"per_record":1,"user_profile":1,"manager":0,"record_attendance":0,"user_id":"1234"}
[04-Oct-2023 07:28:31 UTC] About to fetch permissions for User ID: 1234
[04-Oct-2023 07:28:31 UTC] Query executed successfully.
[04-Oct-2023 07:28:31 UTC] Fetched permissions: {"id":1,"employee_id":"1818","announce_create":1,"per_record":1,"user_profile":1,"manager":0,"record_attendance":0,"user_id":"1234"}
[04-Oct-2023 07:28:31 UTC] About to fetch permissions for User ID: 1234
[04-Oct-2023 07:28:31 UTC] Query executed successfully.
[04-Oct-2023 07:28:31 UTC] Fetched permissions: {"id":1,"employee_id":"1818","announce_create":1,"per_record":1,"user_profile":1,"manager":0,"record_attendance":0,"user_id":"1234"}
[04-Oct-2023 07:28:40 UTC] About to fetch permissions for User ID: lee126984573@gmail.com
[04-Oct-2023 07:28:40 UTC] Query executed successfully.
[04-Oct-2023 07:28:40 UTC] Fetched permissions: {"id":3,"employee_id":"18181818","announce_create":1,"per_record":1,"user_profile":1,"manager":1,"record_attendance":0,"user_id":"lee126984573@gmail.com"}
[04-Oct-2023 07:29:09 UTC] About to fetch permissions for User ID: 1234
[04-Oct-2023 07:29:09 UTC] Query executed successfully.
[04-Oct-2023 07:29:09 UTC] Fetched permissions: {"id":1,"employee_id":"1818","announce_create":1,"per_record":1,"user_profile":1,"manager":0,"record_attendance":0,"user_id":"1234"}
[04-Oct-2023 07:29:10 UTC] About to fetch permissions for User ID: 1234
[04-Oct-2023 07:29:10 UTC] Query executed successfully.
[04-Oct-2023 07:29:10 UTC] Fetched permissions: {"id":1,"employee_id":"1818","announce_create":1,"per_record":1,"user_profile":1,"manager":0,"record_attendance":0,"user_id":"1234"}
[04-Oct-2023 07:29:10 UTC] About to fetch permissions for User ID: 1234
[04-Oct-2023 07:29:10 UTC] Query executed successfully.
[04-Oct-2023 07:29:10 UTC] Fetched permissions: {"id":1,"employee_id":"1818","announce_create":1,"per_record":1,"user_profile":1,"manager":0,"record_attendance":0,"user_id":"1234"}
[04-Oct-2023 07:29:10 UTC] About to fetch permissions for User ID: 1234
[04-Oct-2023 07:29:10 UTC] Query executed successfully.
[04-Oct-2023 07:29:10 UTC] Fetched permissions: {"id":1,"employee_id":"1818","announce_create":1,"per_record":1,"user_profile":1,"manager":0,"record_attendance":0,"user_id":"1234"}
[04-Oct-2023 07:29:11 UTC] About to fetch permissions for User ID: 1234
[04-Oct-2023 07:29:11 UTC] Query executed successfully.
[04-Oct-2023 07:29:11 UTC] Fetched permissions: {"id":1,"employee_id":"1818","announce_create":1,"per_record":1,"user_profile":1,"manager":0,"record_attendance":0,"user_id":"1234"}
[04-Oct-2023 07:29:11 UTC] About to fetch permissions for User ID: 1234
[04-Oct-2023 07:29:11 UTC] Query executed successfully.
[04-Oct-2023 07:29:11 UTC] Fetched permissions: {"id":1,"employee_id":"1818","announce_create":1,"per_record":1,"user_profile":1,"manager":0,"record_attendance":0,"user_id":"1234"}
[04-Oct-2023 07:29:11 UTC] About to fetch permissions for User ID: 1234
[04-Oct-2023 07:29:11 UTC] Query executed successfully.
[04-Oct-2023 07:29:11 UTC] Fetched permissions: {"id":1,"employee_id":"1818","announce_create":1,"per_record":1,"user_profile":1,"manager":0,"record_attendance":0,"user_id":"1234"}
[04-Oct-2023 07:29:11 UTC] About to fetch permissions for User ID: 1234
[04-Oct-2023 07:29:11 UTC] Query executed successfully.
[04-Oct-2023 07:29:11 UTC] Fetched permissions: {"id":1,"employee_id":"1818","announce_create":1,"per_record":1,"user_profile":1,"manager":0,"record_attendance":0,"user_id":"1234"}
[04-Oct-2023 07:29:11 UTC] About to fetch permissions for User ID: 1234
[04-Oct-2023 07:29:12 UTC] Query executed successfully.
[04-Oct-2023 07:29:12 UTC] Fetched permissions: {"id":1,"employee_id":"1818","announce_create":1,"per_record":1,"user_profile":1,"manager":0,"record_attendance":0,"user_id":"1234"}
[04-Oct-2023 07:29:12 UTC] About to fetch permissions for User ID: 1234
[04-Oct-2023 07:29:12 UTC] Query executed successfully.
[04-Oct-2023 07:29:12 UTC] Fetched permissions: {"id":1,"employee_id":"1818","announce_create":1,"per_record":1,"user_profile":1,"manager":0,"record_attendance":0,"user_id":"1234"}
[04-Oct-2023 07:29:12 UTC] About to fetch permissions for User ID: 1234
[04-Oct-2023 07:29:12 UTC] Query executed successfully.
[04-Oct-2023 07:29:12 UTC] Fetched permissions: {"id":1,"employee_id":"1818","announce_create":1,"per_record":1,"user_profile":1,"manager":0,"record_attendance":0,"user_id":"1234"}
[04-Oct-2023 07:29:13 UTC] About to fetch permissions for User ID: 1234
[04-Oct-2023 07:29:13 UTC] Query executed successfully.
[04-Oct-2023 07:29:13 UTC] Fetched permissions: {"id":1,"employee_id":"1818","announce_create":1,"per_record":1,"user_profile":1,"manager":0,"record_attendance":0,"user_id":"1234"}
[04-Oct-2023 07:29:13 UTC] About to fetch permissions for User ID: 1234
[04-Oct-2023 07:29:13 UTC] Query executed successfully.
[04-Oct-2023 07:29:13 UTC] Fetched permissions: {"id":1,"employee_id":"1818","announce_create":1,"per_record":1,"user_profile":1,"manager":0,"record_attendance":0,"user_id":"1234"}
[04-Oct-2023 07:29:14 UTC] About to fetch permissions for User ID: 1234
[04-Oct-2023 07:29:14 UTC] Query executed successfully.
[04-Oct-2023 07:29:14 UTC] Fetched permissions: {"id":1,"employee_id":"1818","announce_create":1,"per_record":1,"user_profile":1,"manager":0,"record_attendance":0,"user_id":"1234"}
[05-Oct-2023 01:11:40 UTC] About to fetch permissions for User ID: lee126984573@gmail.com
[05-Oct-2023 01:11:40 UTC] Query executed successfully.
[05-Oct-2023 01:11:40 UTC] Fetched permissions: {"id":3,"employee_id":"18181818","announce_create":1,"per_record":1,"user_profile":1,"manager":1,"record_attendance":0,"user_id":"lee126984573@gmail.com"}
[05-Oct-2023 01:11:54 UTC] About to fetch permissions for User ID: tgc06206@naver.com
[05-Oct-2023 01:11:54 UTC] Query executed successfully.
[05-Oct-2023 01:11:54 UTC] Fetched permissions: {"id":2,"employee_id":"1805025","announce_create":1,"per_record":1,"user_profile":1,"manager":1,"record_attendance":0,"user_id":"tgc06206@naver.com"}
[05-Oct-2023 01:12:18 UTC] About to fetch permissions for User ID: 1234
[05-Oct-2023 01:12:18 UTC] Query executed successfully.
[05-Oct-2023 01:12:18 UTC] Fetched permissions: {"id":1,"employee_id":"1818","announce_create":1,"per_record":1,"user_profile":1,"manager":0,"record_attendance":0,"user_id":"1234"}
[05-Oct-2023 01:12:19 UTC] About to fetch permissions for User ID: 1234
[05-Oct-2023 01:12:19 UTC] Query executed successfully.
[05-Oct-2023 01:12:19 UTC] Fetched permissions: {"id":1,"employee_id":"1818","announce_create":1,"per_record":1,"user_profile":1,"manager":0,"record_attendance":0,"user_id":"1234"}
[05-Oct-2023 01:12:19 UTC] About to fetch permissions for User ID: 1234
[05-Oct-2023 01:12:19 UTC] Query executed successfully.
[05-Oct-2023 01:12:19 UTC] Fetched permissions: {"id":1,"employee_id":"1818","announce_create":1,"per_record":1,"user_profile":1,"manager":0,"record_attendance":0,"user_id":"1234"}
[05-Oct-2023 01:12:19 UTC] About to fetch permissions for User ID: 1234
[05-Oct-2023 01:12:19 UTC] Query executed successfully.
[05-Oct-2023 01:12:19 UTC] Fetched permissions: {"id":1,"employee_id":"1818","announce_create":1,"per_record":1,"user_profile":1,"manager":0,"record_attendance":0,"user_id":"1234"}
[05-Oct-2023 01:12:19 UTC] About to fetch permissions for User ID: 1234
[05-Oct-2023 01:12:19 UTC] Query executed successfully.
[05-Oct-2023 01:12:19 UTC] Fetched permissions: {"id":1,"employee_id":"1818","announce_create":1,"per_record":1,"user_profile":1,"manager":0,"record_attendance":0,"user_id":"1234"}
[05-Oct-2023 01:12:20 UTC] About to fetch permissions for User ID: 1234
[05-Oct-2023 01:12:20 UTC] Query executed successfully.
[05-Oct-2023 01:12:20 UTC] Fetched permissions: {"id":1,"employee_id":"1818","announce_create":1,"per_record":1,"user_profile":1,"manager":0,"record_attendance":0,"user_id":"1234"}
[05-Oct-2023 01:12:20 UTC] About to fetch permissions for User ID: 1234
[05-Oct-2023 01:12:20 UTC] Query executed successfully.
[05-Oct-2023 01:12:20 UTC] Fetched permissions: {"id":1,"employee_id":"1818","announce_create":1,"per_record":1,"user_profile":1,"manager":0,"record_attendance":0,"user_id":"1234"}
[05-Oct-2023 01:12:20 UTC] About to fetch permissions for User ID: 1234
[05-Oct-2023 01:12:20 UTC] Query executed successfully.
[05-Oct-2023 01:12:20 UTC] Fetched permissions: {"id":1,"employee_id":"1818","announce_create":1,"per_record":1,"user_profile":1,"manager":0,"record_attendance":0,"user_id":"1234"}
[05-Oct-2023 01:12:21 UTC] About to fetch permissions for User ID: 1234
[05-Oct-2023 01:12:21 UTC] Query executed successfully.
[05-Oct-2023 01:12:21 UTC] Fetched permissions: {"id":1,"employee_id":"1818","announce_create":1,"per_record":1,"user_profile":1,"manager":0,"record_attendance":0,"user_id":"1234"}
[05-Oct-2023 01:12:21 UTC] About to fetch permissions for User ID: 1234
[05-Oct-2023 01:12:21 UTC] Query executed successfully.
[05-Oct-2023 01:12:21 UTC] Fetched permissions: {"id":1,"employee_id":"1818","announce_create":1,"per_record":1,"user_profile":1,"manager":0,"record_attendance":0,"user_id":"1234"}
[05-Oct-2023 01:12:21 UTC] About to fetch permissions for User ID: 1234
[05-Oct-2023 01:12:21 UTC] Query executed successfully.
[05-Oct-2023 01:12:21 UTC] Fetched permissions: {"id":1,"employee_id":"1818","announce_create":1,"per_record":1,"user_profile":1,"manager":0,"record_attendance":0,"user_id":"1234"}
[05-Oct-2023 01:12:22 UTC] About to fetch permissions for User ID: 1234
[05-Oct-2023 01:12:22 UTC] Query executed successfully.
[05-Oct-2023 01:12:22 UTC] Fetched permissions: {"id":1,"employee_id":"1818","announce_create":1,"per_record":1,"user_profile":1,"manager":0,"record_attendance":0,"user_id":"1234"}
[05-Oct-2023 01:12:22 UTC] About to fetch permissions for User ID: 1234
[05-Oct-2023 01:12:22 UTC] Query executed successfully.
[05-Oct-2023 01:12:22 UTC] Fetched permissions: {"id":1,"employee_id":"1818","announce_create":1,"per_record":1,"user_profile":1,"manager":0,"record_attendance":0,"user_id":"1234"}
[05-Oct-2023 01:12:22 UTC] About to fetch permissions for User ID: 1234
[05-Oct-2023 01:12:22 UTC] Query executed successfully.
[05-Oct-2023 01:12:22 UTC] Fetched permissions: {"id":1,"employee_id":"1818","announce_create":1,"per_record":1,"user_profile":1,"manager":0,"record_attendance":0,"user_id":"1234"}
[05-Oct-2023 01:12:22 UTC] About to fetch permissions for User ID: 1234
[05-Oct-2023 01:12:22 UTC] Query executed successfully.
[05-Oct-2023 01:12:22 UTC] Fetched permissions: {"id":1,"employee_id":"1818","announce_create":1,"per_record":1,"user_profile":1,"manager":0,"record_attendance":0,"user_id":"1234"}
[05-Oct-2023 01:12:23 UTC] About to fetch permissions for User ID: 1234
[05-Oct-2023 01:12:23 UTC] Query executed successfully.
[05-Oct-2023 01:12:23 UTC] Fetched permissions: {"id":1,"employee_id":"1818","announce_create":1,"per_record":1,"user_profile":1,"manager":0,"record_attendance":0,"user_id":"1234"}
[06-Oct-2023 05:42:31 UTC] About to fetch permissions for User ID: lee126984573@gmail.com
[06-Oct-2023 05:42:31 UTC] Query executed successfully.
[06-Oct-2023 05:42:31 UTC] Fetched permissions: {"id":3,"employee_id":"18181818","announce_create":1,"per_record":1,"user_profile":1,"manager":1,"record_attendance":0,"user_id":"lee126984573@gmail.com"}
[08-Oct-2023 06:23:41 UTC] About to fetch permissions for User ID: 1234
[08-Oct-2023 06:23:41 UTC] Query executed successfully.
[08-Oct-2023 06:23:41 UTC] Fetched permissions: {"id":1,"employee_id":"1818","announce_create":1,"per_record":1,"user_profile":1,"manager":0,"record_attendance":0,"user_id":"1234"}
[08-Oct-2023 06:23:48 UTC] About to fetch permissions for User ID: 1234
[08-Oct-2023 06:23:48 UTC] Query executed successfully.
[08-Oct-2023 06:23:48 UTC] Fetched permissions: {"id":1,"employee_id":"1818","announce_create":1,"per_record":1,"user_profile":1,"manager":0,"record_attendance":0,"user_id":"1234"}
[08-Oct-2023 07:19:21 UTC] About to fetch permissions for User ID: lee126984573@gmail.com
[08-Oct-2023 07:19:21 UTC] Query executed successfully.
[08-Oct-2023 07:19:21 UTC] Fetched permissions: {"id":3,"employee_id":"18181818","announce_create":1,"per_record":1,"user_profile":1,"manager":1,"record_attendance":0,"user_id":"lee126984573@gmail.com"}
[08-Oct-2023 07:19:23 UTC] About to fetch permissions for User ID: lee126984573@gmail.com
[08-Oct-2023 07:19:23 UTC] Query executed successfully.
[08-Oct-2023 07:19:23 UTC] Fetched permissions: {"id":3,"employee_id":"18181818","announce_create":1,"per_record":1,"user_profile":1,"manager":1,"record_attendance":0,"user_id":"lee126984573@gmail.com"}
[08-Oct-2023 07:19:34 UTC] About to fetch permissions for User ID: lee126984573@gmail.com
[08-Oct-2023 07:19:34 UTC] Query executed successfully.
[08-Oct-2023 07:19:34 UTC] Fetched permissions: {"id":3,"employee_id":"18181818","announce_create":1,"per_record":1,"user_profile":1,"manager":1,"record_attendance":0,"user_id":"lee126984573@gmail.com"}
[08-Oct-2023 07:19:37 UTC] About to fetch permissions for User ID: lee126984573@gmail.com
[08-Oct-2023 07:19:37 UTC] Query executed successfully.
[08-Oct-2023 07:19:37 UTC] Fetched permissions: {"id":3,"employee_id":"18181818","announce_create":1,"per_record":1,"user_profile":1,"manager":1,"record_attendance":0,"user_id":"lee126984573@gmail.com"}
[08-Oct-2023 07:19:44 UTC] About to fetch permissions for User ID: lee126984573@gmail.com
[08-Oct-2023 07:19:44 UTC] Query executed successfully.
[08-Oct-2023 07:19:44 UTC] Fetched permissions: {"id":3,"employee_id":"18181818","announce_create":1,"per_record":1,"user_profile":1,"manager":1,"record_attendance":0,"user_id":"lee126984573@gmail.com"}
[08-Oct-2023 07:19:47 UTC] About to fetch permissions for User ID: lee126984573@gmail.com
[08-Oct-2023 07:19:47 UTC] Query executed successfully.
[08-Oct-2023 07:19:47 UTC] Fetched permissions: {"id":3,"employee_id":"18181818","announce_create":1,"per_record":1,"user_profile":1,"manager":1,"record_attendance":0,"user_id":"lee126984573@gmail.com"}
[08-Oct-2023 07:21:22 UTC] About to fetch permissions for User ID: lee126984573@gmail.com
[08-Oct-2023 07:21:22 UTC] Query executed successfully.
[08-Oct-2023 07:21:22 UTC] Fetched permissions: {"id":3,"employee_id":"18181818","announce_create":1,"per_record":1,"user_profile":1,"manager":1,"record_attendance":0,"user_id":"lee126984573@gmail.com"}
[08-Oct-2023 07:21:24 UTC] About to fetch permissions for User ID: lee126984573@gmail.com
[08-Oct-2023 07:21:24 UTC] Query executed successfully.
[08-Oct-2023 07:21:24 UTC] Fetched permissions: {"id":3,"employee_id":"18181818","announce_create":1,"per_record":1,"user_profile":1,"manager":1,"record_attendance":0,"user_id":"lee126984573@gmail.com"}
[08-Oct-2023 07:21:36 UTC] About to fetch permissions for User ID: lee126984573@gmail.com
[08-Oct-2023 07:21:36 UTC] Query executed successfully.
[08-Oct-2023 07:21:36 UTC] Fetched permissions: {"id":3,"employee_id":"18181818","announce_create":1,"per_record":1,"user_profile":1,"manager":1,"record_attendance":0,"user_id":"lee126984573@gmail.com"}
[08-Oct-2023 07:21:41 UTC] About to fetch permissions for User ID: lee126984573@gmail.com
[08-Oct-2023 07:21:41 UTC] Query executed successfully.
[08-Oct-2023 07:21:41 UTC] Fetched permissions: {"id":3,"employee_id":"18181818","announce_create":0,"per_record":0,"user_profile":0,"manager":1,"record_attendance":0,"user_id":"lee126984573@gmail.com"}
[08-Oct-2023 07:21:43 UTC] About to fetch permissions for User ID: lee126984573@gmail.com
[08-Oct-2023 07:21:43 UTC] Query executed successfully.
[08-Oct-2023 07:21:43 UTC] Fetched permissions: {"id":3,"employee_id":"18181818","announce_create":0,"per_record":0,"user_profile":0,"manager":1,"record_attendance":0,"user_id":"lee126984573@gmail.com"}
[08-Oct-2023 07:21:47 UTC] About to fetch permissions for User ID: lee126984573@gmail.com
[08-Oct-2023 07:21:47 UTC] Query executed successfully.
[08-Oct-2023 07:21:47 UTC] Fetched permissions: {"id":3,"employee_id":"18181818","announce_create":0,"per_record":0,"user_profile":0,"manager":1,"record_attendance":0,"user_id":"lee126984573@gmail.com"}
[08-Oct-2023 07:23:49 UTC] About to fetch permissions for User ID: lee126984573@gmail.com
[08-Oct-2023 07:23:49 UTC] Query executed successfully.
[08-Oct-2023 07:23:49 UTC] Fetched permissions: {"id":3,"employee_id":"18181818","announce_create":1,"per_record":1,"user_profile":1,"manager":1,"record_attendance":0,"user_id":"lee126984573@gmail.com"}
[08-Oct-2023 07:23:52 UTC] About to fetch permissions for User ID: lee126984573@gmail.com
[08-Oct-2023 07:23:52 UTC] Query executed successfully.
[08-Oct-2023 07:23:52 UTC] Fetched permissions: {"id":3,"employee_id":"18181818","announce_create":1,"per_record":1,"user_profile":1,"manager":1,"record_attendance":0,"user_id":"lee126984573@gmail.com"}
[08-Oct-2023 07:24:03 UTC] About to fetch permissions for User ID: lee126984573@gmail.com
[08-Oct-2023 07:24:03 UTC] Query executed successfully.
[08-Oct-2023 07:24:03 UTC] Fetched permissions: {"id":3,"employee_id":"18181818","announce_create":1,"per_record":1,"user_profile":1,"manager":1,"record_attendance":0,"user_id":"lee126984573@gmail.com"}
[08-Oct-2023 07:25:34 UTC] About to fetch permissions for User ID: lee126984573@gmail.com
[08-Oct-2023 07:25:34 UTC] Query executed successfully.
[08-Oct-2023 07:25:34 UTC] Fetched permissions: {"id":3,"employee_id":"18181818","announce_create":0,"per_record":1,"user_profile":1,"manager":1,"record_attendance":0,"user_id":"lee126984573@gmail.com"}
[08-Oct-2023 07:25:36 UTC] About to fetch permissions for User ID: lee126984573@gmail.com
[08-Oct-2023 07:25:36 UTC] Query executed successfully.
[08-Oct-2023 07:25:36 UTC] Fetched permissions: {"id":3,"employee_id":"18181818","announce_create":0,"per_record":1,"user_profile":1,"manager":1,"record_attendance":0,"user_id":"lee126984573@gmail.com"}
[08-Oct-2023 07:25:42 UTC] About to fetch permissions for User ID: lee126984573@gmail.com
[08-Oct-2023 07:25:42 UTC] Query executed successfully.
[08-Oct-2023 07:25:42 UTC] Fetched permissions: {"id":3,"employee_id":"18181818","announce_create":0,"per_record":1,"user_profile":1,"manager":1,"record_attendance":0,"user_id":"lee126984573@gmail.com"}
[08-Oct-2023 07:25:52 UTC] About to fetch permissions for User ID: lee126984573@gmail.com
[08-Oct-2023 07:25:52 UTC] Query executed successfully.
[08-Oct-2023 07:25:52 UTC] Fetched permissions: {"id":3,"employee_id":"18181818","announce_create":0,"per_record":0,"user_profile":0,"manager":1,"record_attendance":0,"user_id":"lee126984573@gmail.com"}
[08-Oct-2023 07:25:54 UTC] About to fetch permissions for User ID: lee126984573@gmail.com
[08-Oct-2023 07:25:54 UTC] Query executed successfully.
[08-Oct-2023 07:25:54 UTC] Fetched permissions: {"id":3,"employee_id":"18181818","announce_create":0,"per_record":0,"user_profile":0,"manager":1,"record_attendance":0,"user_id":"lee126984573@gmail.com"}
[08-Oct-2023 07:25:58 UTC] About to fetch permissions for User ID: lee126984573@gmail.com
[08-Oct-2023 07:25:58 UTC] Query executed successfully.
[08-Oct-2023 07:25:58 UTC] Fetched permissions: {"id":3,"employee_id":"18181818","announce_create":0,"per_record":0,"user_profile":0,"manager":1,"record_attendance":0,"user_id":"lee126984573@gmail.com"}
[09-Oct-2023 04:00:39 UTC] About to fetch permissions for User ID: lee126984573@gmail.com
[09-Oct-2023 04:00:39 UTC] Query executed successfully.
[09-Oct-2023 04:00:39 UTC] Fetched permissions: {"id":3,"employee_id":"18181818","announce_create":1,"per_record":1,"user_profile":1,"manager":1,"record_attendance":0,"user_id":"lee126984573@gmail.com"}
[28-Nov-2023 18:07:21 UTC] About to fetch permissions for User ID: lee126984573@gmail.com
[28-Nov-2023 18:07:21 UTC] Query executed successfully.
[28-Nov-2023 18:07:21 UTC] Fetched permissions: {"id":3,"employee_id":"18181818","announce_create":1,"per_record":1,"user_profile":1,"manager":1,"record_attendance":0,"user_id":"lee126984573@gmail.com"}
[28-Nov-2023 18:07:42 UTC] About to fetch permissions for User ID: lee126984573@gmail.com
[28-Nov-2023 18:07:42 UTC] Query executed successfully.
[28-Nov-2023 18:07:42 UTC] Fetched permissions: {"id":3,"employee_id":"18181818","announce_create":1,"per_record":1,"user_profile":1,"manager":1,"record_attendance":0,"user_id":"lee126984573@gmail.com"}
[28-Nov-2023 18:09:28 UTC] About to fetch permissions for User ID: lee126984573@gmail.com
[28-Nov-2023 18:09:28 UTC] Query executed successfully.
[28-Nov-2023 18:09:28 UTC] Fetched permissions: {"id":3,"employee_id":"18181818","announce_create":1,"per_record":1,"user_profile":1,"manager":1,"record_attendance":0,"user_id":"lee126984573@gmail.com"}
[28-Nov-2023 18:09:33 UTC] About to fetch permissions for User ID: lee126984573@gmail.com
[28-Nov-2023 18:09:33 UTC] Query executed successfully.
[28-Nov-2023 18:09:33 UTC] Fetched permissions: {"id":3,"employee_id":"18181818","announce_create":1,"per_record":1,"user_profile":1,"manager":1,"record_attendance":0,"user_id":"lee126984573@gmail.com"}
[28-Nov-2023 18:09:38 UTC] About to fetch permissions for User ID: lee126984573@gmail.com
[28-Nov-2023 18:09:38 UTC] Query executed successfully.
[28-Nov-2023 18:09:38 UTC] Fetched permissions: {"id":3,"employee_id":"18181818","announce_create":1,"per_record":1,"user_profile":1,"manager":1,"record_attendance":0,"user_id":"lee126984573@gmail.com"}
[28-Nov-2023 18:15:15 UTC] About to fetch permissions for User ID: lee126984573@gmail.com
[28-Nov-2023 18:15:15 UTC] Query executed successfully.
[28-Nov-2023 18:15:15 UTC] Fetched permissions: {"id":3,"employee_id":"18181818","announce_create":1,"per_record":1,"user_profile":1,"manager":1,"record_attendance":0,"user_id":"lee126984573@gmail.com"}
[28-Nov-2023 18:15:16 UTC] About to fetch permissions for User ID: lee126984573@gmail.com
[28-Nov-2023 18:15:16 UTC] Query executed successfully.
[28-Nov-2023 18:15:16 UTC] Fetched permissions: {"id":3,"employee_id":"18181818","announce_create":1,"per_record":1,"user_profile":1,"manager":1,"record_attendance":0,"user_id":"lee126984573@gmail.com"}
[28-Nov-2023 18:15:28 UTC] About to fetch permissions for User ID: lee126984573@gmail.com
[28-Nov-2023 18:15:28 UTC] Query executed successfully.
[28-Nov-2023 18:15:28 UTC] Fetched permissions: {"id":3,"employee_id":"18181818","announce_create":1,"per_record":1,"user_profile":1,"manager":1,"record_attendance":0,"user_id":"lee126984573@gmail.com"}
[28-Nov-2023 18:15:33 UTC] About to fetch permissions for User ID: lee126984573@gmail.com
[28-Nov-2023 18:15:33 UTC] Query executed successfully.
[28-Nov-2023 18:15:33 UTC] Fetched permissions: {"id":3,"employee_id":"18181818","announce_create":1,"per_record":1,"user_profile":1,"manager":1,"record_attendance":0,"user_id":"lee126984573@gmail.com"}
[28-Nov-2023 18:16:36 UTC] About to fetch permissions for User ID: lee126984573@gmail.com
[28-Nov-2023 18:16:36 UTC] Query executed successfully.
[28-Nov-2023 18:16:36 UTC] Fetched permissions: {"id":3,"employee_id":"18181818","announce_create":1,"per_record":1,"user_profile":1,"manager":1,"record_attendance":0,"user_id":"lee126984573@gmail.com"}
[28-Nov-2023 18:16:42 UTC] About to fetch permissions for User ID: lee126984573@gmail.com
[28-Nov-2023 18:16:42 UTC] Query executed successfully.
[28-Nov-2023 18:16:42 UTC] Fetched permissions: {"id":3,"employee_id":"18181818","announce_create":1,"per_record":1,"user_profile":1,"manager":1,"record_attendance":0,"user_id":"lee126984573@gmail.com"}
[28-Nov-2023 18:16:44 UTC] About to fetch permissions for User ID: lee126984573@gmail.com
[28-Nov-2023 18:16:44 UTC] Query executed successfully.
[28-Nov-2023 18:16:44 UTC] Fetched permissions: {"id":3,"employee_id":"18181818","announce_create":1,"per_record":1,"user_profile":1,"manager":1,"record_attendance":0,"user_id":"lee126984573@gmail.com"}
[28-Nov-2023 18:22:50 UTC] About to fetch permissions for User ID: lee126984573@gmail.com
[28-Nov-2023 18:22:50 UTC] Query executed successfully.
[28-Nov-2023 18:22:50 UTC] Fetched permissions: {"id":3,"employee_id":"18181818","announce_create":1,"per_record":1,"user_profile":1,"manager":1,"record_attendance":0,"user_id":"lee126984573@gmail.com"}
[28-Nov-2023 18:22:50 UTC] PHP Warning:  include(db_connect.php): Failed to open stream: No such file or directory in C:\Users\asdf\IdeaProjects\projcct\manager.php on line 155
[28-Nov-2023 18:22:50 UTC] PHP Warning:  include(): Failed opening 'db_connect.php' for inclusion (include_path='.;C:\php\pear') in C:\Users\asdf\IdeaProjects\projcct\manager.php on line 155
[28-Nov-2023 18:22:50 UTC] PHP Warning:  Undefined array key "employee_id" in C:\Users\asdf\IdeaProjects\projcct\manager.php on line 232
[28-Nov-2023 18:22:50 UTC] PHP Warning:  Undefined array key "announce_create" in C:\Users\asdf\IdeaProjects\projcct\manager.php on line 235
[28-Nov-2023 18:22:50 UTC] PHP Warning:  Undefined array key "per_record" in C:\Users\asdf\IdeaProjects\projcct\manager.php on line 238
[28-Nov-2023 18:22:50 UTC] PHP Warning:  Undefined array key "user_profile" in C:\Users\asdf\IdeaProjects\projcct\manager.php on line 241
[28-Nov-2023 18:22:50 UTC] PHP Warning:  Undefined array key "manager" in C:\Users\asdf\IdeaProjects\projcct\manager.php on line 244
[28-Nov-2023 18:22:50 UTC] PHP Warning:  Undefined array key "record_attendance" in C:\Users\asdf\IdeaProjects\projcct\manager.php on line 247
[28-Nov-2023 18:23:57 UTC] About to fetch permissions for User ID: lee126984573@gmail.com
[28-Nov-2023 18:23:57 UTC] Query executed successfully.
[28-Nov-2023 18:23:57 UTC] Fetched permissions: {"id":3,"employee_id":"18181818","announce_create":1,"per_record":1,"user_profile":1,"manager":1,"record_attendance":0,"user_id":"lee126984573@gmail.com"}
[28-Nov-2023 18:23:57 UTC] PHP Warning:  Undefined array key "employee_id" in C:\Users\asdf\IdeaProjects\projcct\manager.php on line 230
[28-Nov-2023 18:23:57 UTC] PHP Warning:  Undefined array key "announce_create" in C:\Users\asdf\IdeaProjects\projcct\manager.php on line 233
[28-Nov-2023 18:23:57 UTC] PHP Warning:  Undefined array key "per_record" in C:\Users\asdf\IdeaProjects\projcct\manager.php on line 236
[28-Nov-2023 18:23:57 UTC] PHP Warning:  Undefined array key "user_profile" in C:\Users\asdf\IdeaProjects\projcct\manager.php on line 239
[28-Nov-2023 18:23:57 UTC] PHP Warning:  Undefined array key "manager" in C:\Users\asdf\IdeaProjects\projcct\manager.php on line 242
[28-Nov-2023 18:23:57 UTC] PHP Warning:  Undefined array key "record_attendance" in C:\Users\asdf\IdeaProjects\projcct\manager.php on line 245
[28-Nov-2023 18:24:02 UTC] About to fetch permissions for User ID: lee126984573@gmail.com
[28-Nov-2023 18:24:02 UTC] Query executed successfully.
[28-Nov-2023 18:24:02 UTC] Fetched permissions: {"id":3,"employee_id":"18181818","announce_create":1,"per_record":1,"user_profile":1,"manager":1,"record_attendance":0,"user_id":"lee126984573@gmail.com"}
[28-Nov-2023 18:24:02 UTC] PHP Fatal error:  Uncaught mysqli_sql_exception: Unknown column 'announce_create' in 'field list' in C:\Users\asdf\IdeaProjects\projcct\manager.php:158
Stack trace:
#0 C:\Users\asdf\IdeaProjects\projcct\manager.php(158): mysqli->prepare('SELECT employee...')
#1 {main}
  thrown in C:\Users\asdf\IdeaProjects\projcct\manager.php on line 158
[28-Nov-2023 18:24:06 UTC] About to fetch permissions for User ID: lee126984573@gmail.com
[28-Nov-2023 18:24:06 UTC] Query executed successfully.
[28-Nov-2023 18:24:06 UTC] Fetched permissions: {"id":3,"employee_id":"18181818","announce_create":1,"per_record":1,"user_profile":1,"manager":1,"record_attendance":0,"user_id":"lee126984573@gmail.com"}
[28-Nov-2023 18:24:06 UTC] PHP Warning:  Undefined array key "employee_id" in C:\Users\asdf\IdeaProjects\projcct\manager.php on line 230
[28-Nov-2023 18:24:06 UTC] PHP Warning:  Undefined array key "announce_create" in C:\Users\asdf\IdeaProjects\projcct\manager.php on line 233
[28-Nov-2023 18:24:06 UTC] PHP Warning:  Undefined array key "per_record" in C:\Users\asdf\IdeaProjects\projcct\manager.php on line 236
[28-Nov-2023 18:24:06 UTC] PHP Warning:  Undefined array key "user_profile" in C:\Users\asdf\IdeaProjects\projcct\manager.php on line 239
[28-Nov-2023 18:24:06 UTC] PHP Warning:  Undefined array key "manager" in C:\Users\asdf\IdeaProjects\projcct\manager.php on line 242
[28-Nov-2023 18:24:06 UTC] PHP Warning:  Undefined array key "record_attendance" in C:\Users\asdf\IdeaProjects\projcct\manager.php on line 245
[28-Nov-2023 18:24:23 UTC] About to fetch permissions for User ID: lee126984573@gmail.com
[28-Nov-2023 18:24:23 UTC] Query executed successfully.
[28-Nov-2023 18:24:23 UTC] Fetched permissions: {"id":3,"employee_id":"18181818","announce_create":1,"per_record":1,"user_profile":1,"manager":1,"record_attendance":0,"user_id":"lee126984573@gmail.com"}
[28-Nov-2023 18:24:26 UTC] About to fetch permissions for User ID: lee126984573@gmail.com
[28-Nov-2023 18:24:26 UTC] Query executed successfully.
[28-Nov-2023 18:24:26 UTC] Fetched permissions: {"id":3,"employee_id":"18181818","announce_create":1,"per_record":1,"user_profile":1,"manager":1,"record_attendance":0,"user_id":"lee126984573@gmail.com"}
[28-Nov-2023 18:30:55 UTC] About to fetch permissions for User ID: lee126984573@gmail.com
[28-Nov-2023 18:30:55 UTC] Query executed successfully.
[28-Nov-2023 18:30:55 UTC] Fetched permissions: {"id":3,"employee_id":"18181818","announce_create":1,"per_record":1,"user_profile":1,"manager":1,"record_attendance":0,"user_id":"lee126984573@gmail.com"}
[28-Nov-2023 18:31:00 UTC] About to fetch permissions for User ID: lee126984573@gmail.com
[28-Nov-2023 18:31:00 UTC] Query executed successfully.
[28-Nov-2023 18:31:00 UTC] Fetched permissions: {"id":3,"employee_id":"18181818","announce_create":1,"per_record":1,"user_profile":1,"manager":1,"record_attendance":0,"user_id":"lee126984573@gmail.com"}
[28-Nov-2023 18:31:02 UTC] About to fetch permissions for User ID: lee126984573@gmail.com
[28-Nov-2023 18:31:02 UTC] Query executed successfully.
[28-Nov-2023 18:31:02 UTC] Fetched permissions: {"id":3,"employee_id":"18181818","announce_create":1,"per_record":1,"user_profile":1,"manager":1,"record_attendance":0,"user_id":"lee126984573@gmail.com"}
[28-Nov-2023 18:31:08 UTC] About to fetch permissions for User ID: lee126984573@gmail.com
[28-Nov-2023 18:31:08 UTC] Query executed successfully.
[28-Nov-2023 18:31:08 UTC] Fetched permissions: {"id":3,"employee_id":"18181818","announce_create":1,"per_record":1,"user_profile":1,"manager":1,"record_attendance":0,"user_id":"lee126984573@gmail.com"}
[28-Nov-2023 18:31:10 UTC] About to fetch permissions for User ID: lee126984573@gmail.com
[28-Nov-2023 18:31:10 UTC] Query executed successfully.
[28-Nov-2023 18:31:10 UTC] Fetched permissions: {"id":3,"employee_id":"18181818","announce_create":1,"per_record":1,"user_profile":1,"manager":1,"record_attendance":0,"user_id":"lee126984573@gmail.com"}
[28-Nov-2023 18:31:12 UTC] About to fetch permissions for User ID: lee126984573@gmail.com
[28-Nov-2023 18:31:12 UTC] Query executed successfully.
[28-Nov-2023 18:31:12 UTC] Fetched permissions: {"id":3,"employee_id":"18181818","announce_create":1,"per_record":1,"user_profile":1,"manager":1,"record_attendance":0,"user_id":"lee126984573@gmail.com"}
[28-Nov-2023 18:31:15 UTC] About to fetch permissions for User ID: lee126984573@gmail.com
[28-Nov-2023 18:31:15 UTC] Query executed successfully.
[28-Nov-2023 18:31:15 UTC] Fetched permissions: {"id":3,"employee_id":"18181818","announce_create":1,"per_record":1,"user_profile":1,"manager":1,"record_attendance":0,"user_id":"lee126984573@gmail.com"}
[28-Nov-2023 18:31:20 UTC] About to fetch permissions for User ID: lee126984573@gmail.com
[28-Nov-2023 18:31:20 UTC] Query executed successfully.
[28-Nov-2023 18:31:20 UTC] Fetched permissions: {"id":3,"employee_id":"18181818","announce_create":1,"per_record":1,"user_profile":1,"manager":1,"record_attendance":0,"user_id":"lee126984573@gmail.com"}
[28-Nov-2023 18:49:40 UTC] About to fetch permissions for User ID: lee126984573@gmail.com
[28-Nov-2023 18:49:40 UTC] Query executed successfully.
[28-Nov-2023 18:49:40 UTC] Fetched permissions: {"id":3,"employee_id":"18181818","announce_create":1,"per_record":1,"user_profile":1,"manager":1,"record_attendance":0,"user_id":"lee126984573@gmail.com"}
[28-Nov-2023 19:30:36 UTC] About to fetch permissions for User ID: lee126984573@gmail.com
[28-Nov-2023 19:30:36 UTC] Query executed successfully.
[28-Nov-2023 19:30:36 UTC] Fetched permissions: {"id":3,"employee_id":"18181818","announce_create":1,"per_record":1,"user_profile":1,"manager":1,"record_attendance":0,"user_id":"lee126984573@gmail.com"}
[28-Nov-2023 19:30:39 UTC] About to fetch permissions for User ID: lee126984573@gmail.com
[28-Nov-2023 19:30:39 UTC] Query executed successfully.
[28-Nov-2023 19:30:39 UTC] Fetched permissions: {"id":3,"employee_id":"18181818","announce_create":1,"per_record":1,"user_profile":1,"manager":1,"record_attendance":0,"user_id":"lee126984573@gmail.com"}
[29-Nov-2023 05:22:54 UTC] About to fetch permissions for User ID: lee126984573@gmail.com
[29-Nov-2023 05:22:54 UTC] Query executed successfully.
[29-Nov-2023 05:22:54 UTC] Fetched permissions: {"id":3,"employee_id":"18181818","announce_create":1,"per_record":1,"user_profile":1,"manager":1,"record_attendance":0,"user_id":"lee126984573@gmail.com"}
[30-Nov-2023 08:43:01 UTC] About to fetch permissions for User ID: lee126984573@gmail.com
[30-Nov-2023 08:43:01 UTC] Query executed successfully.
[30-Nov-2023 08:43:01 UTC] Fetched permissions: {"id":3,"employee_id":"18181818","announce_create":1,"per_record":1,"user_profile":1,"manager":1,"record_attendance":0,"user_id":"lee126984573@gmail.com"}
[30-Nov-2023 12:33:35 UTC] About to fetch permissions for User ID: lee126984573@gmail.com
[30-Nov-2023 12:33:35 UTC] Query executed successfully.
[30-Nov-2023 12:33:35 UTC] Fetched permissions: {"id":3,"employee_id":"18181818","announce_create":1,"per_record":1,"user_profile":1,"manager":1,"record_attendance":0,"user_id":"lee126984573@gmail.com"}
[30-Nov-2023 12:41:16 UTC] About to fetch permissions for User ID: lee126984573@gmail.com
[30-Nov-2023 12:41:16 UTC] Query executed successfully.
[30-Nov-2023 12:41:16 UTC] Fetched permissions: {"id":3,"employee_id":"18181818","announce_create":1,"per_record":1,"user_profile":1,"manager":1,"record_attendance":0,"user_id":"lee126984573@gmail.com"}
[30-Nov-2023 12:41:18 UTC] About to fetch permissions for User ID: lee126984573@gmail.com
[30-Nov-2023 12:41:18 UTC] Query executed successfully.
[30-Nov-2023 12:41:18 UTC] Fetched permissions: {"id":3,"employee_id":"18181818","announce_create":1,"per_record":1,"user_profile":1,"manager":1,"record_attendance":0,"user_id":"lee126984573@gmail.com"}
[02-Dec-2023 03:20:23 UTC] About to fetch permissions for User ID: lee126984573@gmail.com
[02-Dec-2023 03:20:23 UTC] Query executed successfully.
[02-Dec-2023 03:20:23 UTC] Fetched permissions: {"id":3,"employee_id":"18181818","announce_create":1,"per_record":1,"user_profile":1,"manager":1,"record_attendance":0,"user_id":"lee126984573@gmail.com"}
[02-Dec-2023 03:20:27 UTC] About to fetch permissions for User ID: lee126984573@gmail.com
[02-Dec-2023 03:20:27 UTC] Query executed successfully.
[02-Dec-2023 03:20:27 UTC] Fetched permissions: {"id":3,"employee_id":"18181818","announce_create":1,"per_record":1,"user_profile":1,"manager":1,"record_attendance":0,"user_id":"lee126984573@gmail.com"}
[02-Dec-2023 06:02:48 UTC] About to fetch permissions for User ID: lee126984573@gmail.com
[02-Dec-2023 06:02:48 UTC] Query executed successfully.
[02-Dec-2023 06:02:48 UTC] Fetched permissions: {"id":3,"employee_id":"18181818","announce_create":1,"per_record":1,"user_profile":1,"manager":1,"record_attendance":0,"user_id":"lee126984573@gmail.com"}
[02-Dec-2023 06:02:51 UTC] About to fetch permissions for User ID: lee126984573@gmail.com
[02-Dec-2023 06:02:51 UTC] Query executed successfully.
[02-Dec-2023 06:02:51 UTC] Fetched permissions: {"id":3,"employee_id":"18181818","announce_create":1,"per_record":1,"user_profile":1,"manager":1,"record_attendance":0,"user_id":"lee126984573@gmail.com"}
